<?xml version="1.0" encoding="UTF-8"?>
<Site BuildName="(empty)"
	BuildStamp="20200712-1939-Experimental"
	Name="(empty)"
	Generator="ctest-3.17.3"
	CompilerName=""
	CompilerVersion=""
	OSName="Windows"
	Hostname="DESKTOP-ILNPTKP"
	OSRelease=" Personal"
	OSVersion=" (Build 18362)"
	OSPlatform="AMD64"
	Is64Bits="1"
	VendorString="GenuineIntel"
	VendorID="Intel Corporation"
	FamilyID="6"
	ModelID="15"
	ProcessorCacheSize="-1"
	NumberOfLogicalCPU="12"
	NumberOfPhysicalCPU="6"
	TotalVirtualMemory="75171"
	TotalPhysicalMemory="65443"
	LogicalProcessorsPerPhysical="2"
	ProcessorClockFrequency="3597"
	>
	<Testing>
		<StartDateTime>Jul 12 16:01 Eastern Daylight Time</StartDateTime>
		<StartTestTime>1594584086</StartTestTime>
		<TestList>
			<Test>./test/PracticeTest</Test>
		</TestList>
		<Test Status="passed">
			<Name>PracticeTest</Name>
			<Path>./test</Path>
			<FullName>./test/PracticeTest</FullName>
			<FullCommandLine>C:\Users\liuru\OneDrive\Documents\GitHub\Practice\build\test\PracticeTest.exe</FullCommandLine>
			<Results>
				<NamedMeasurement type="numeric/double" name="Execution Time">
					<Value>0.0350926</Value>
				</NamedMeasurement>
				<NamedMeasurement type="numeric/double" name="Processors">
					<Value>1</Value>
				</NamedMeasurement>
				<NamedMeasurement type="text/string" name="Completion Status">
					<Value>Completed</Value>
				</NamedMeasurement>
				<NamedMeasurement type="text/string" name="Command Line">
					<Value>C:\Users\liuru\OneDrive\Documents\GitHub\Practice\build\test\PracticeTest.exe</Value>
				</NamedMeasurement>
				<Measurement>
					<Value encoding="base64" compression="gzip">eJyNU1tPwjAUfudXnEd5YBkICiY+KCRINEC4GBNGmtIdtiZbi72g/Hs7pgRlWzwva/vdepaemRWCiwhSysVVHbZKptC/C5YalQ4SbpUNJgIHiu8xGEhmUxRGB0NunuwmmCrKDGcYRFJGCRrU5nypFQuibEUyd4+x2ur+VGuYfUd3ryEj6Tw834C23H292qpxqjUME7mhSU5AsedKiuw+oNE07O4P+aZ9bvvSr61gthzDsdZu7xHfb/fIUEm7exA0UjTVjpPX5LmUA1c+pLpeZNfxyVR+vI2LbH6wCnmvQ5aCv1t85IKqwxypYvFCIY5GRY4V9KqQmxJVYUQZuSKgm/0veujLsNDyDC41aba7HXIpPh5XtdYlrzThITX/a66cXh7S9H0ypymWmJ7DZSYvfeLSm7eELNz7vDD5DVe022qRIQpU7v5TqtwcxKix8AkXM4/WnufVFjGCyrLkFhyUz5e0ZmcNfFDtsFTuMQTNBUPgbvY+GWKoc3LspLFMwkzd9Ftt2ByOk/sFckdHbw==</Value>
				</Measurement>
			</Results>
		</Test>
		<EndDateTime>Jul 12 16:01 Eastern Daylight Time</EndDateTime>
		<EndTestTime>1594584086</EndTestTime>
		<ElapsedMinutes>0</ElapsedMinutes>
	</Testing>
</Site>
