Start testing: Jan 26 20:22 Eastern Standard Time
----------------------------------------------------------
1/1 Testing: PracticeTest
1/1 Test: PracticeTest
Command: "C:/Users/liuru/OneDrive/Documents/GitHub/Practice/build/test/PracticeTest.exe"
Directory: C:/Users/liuru/OneDrive/Documents/GitHub/Practice/build/test
"PracticeTest" start time: Jan 26 20:22 Eastern Standard Time
Output:
----------------------------------------------------------
Running main() from C:\Users\liuru\OneDrive\Documents\GitHub\Practice\googletest\googletest\src\gtest_main.cc
[==========] Running 172 tests from 1 test suite.
[----------] Global test environment set-up.
[----------] 172 tests from LC
[ RUN      ] LC._0282_ExpressionAddOperators
[       OK ] LC._0282_ExpressionAddOperators (1 ms)
[ RUN      ] LC._0403_FrogJump
[       OK ] LC._0403_FrogJump (0 ms)
[ RUN      ] LC._0286_WallsAndGates
[       OK ] LC._0286_WallsAndGates (0 ms)
[ RUN      ] LC._0049_GroupAnagrams
[       OK ] LC._0049_GroupAnagrams (0 ms)
[ RUN      ] LC._0710_RandomPickWithBlacklist
[       OK ] LC._0710_RandomPickWithBlacklist (0 ms)
[ RUN      ] LC._1371_FindTheLongestSubstringContainingVowelsInEvenCounts
[       OK ] LC._1371_FindTheLongestSubstringContainingVowelsInEvenCounts (0 ms)
[ RUN      ] LC._0349_IntersectionOfTwoArrays
[       OK ] LC._0349_IntersectionOfTwoArrays (0 ms)
[ RUN      ] LC._0350_InterectionOfTwoArraysII
[       OK ] LC._0350_InterectionOfTwoArraysII (0 ms)
[ RUN      ] LC._0599_MinimumIndexSumOfTwoLists
[       OK ] LC._0599_MinimumIndexSumOfTwoLists (0 ms)
[ RUN      ] LC._0050_PowXN
[       OK ] LC._0050_PowXN (0 ms)
[ RUN      ] LC._0095_UniqueBinarySearchTreeII
[       OK ] LC._0095_UniqueBinarySearchTreeII (0 ms)
[ RUN      ] LC._0096_UniqueBinarySearchTree
[       OK ] LC._0096_UniqueBinarySearchTree (0 ms)
[ RUN      ] LC._0089_GrayCode
[       OK ] LC._0089_GrayCode (0 ms)
[ RUN      ] LC._1485_
[       OK ] LC._1485_ (0 ms)
[ RUN      ] LC._0098_ValidateBinarySearchTree
[       OK ] LC._0098_ValidateBinarySearchTree (0 ms)
[ RUN      ] LC._0100_SameTree
[       OK ] LC._0100_SameTree (0 ms)
[ RUN      ] LC._0101_SymmetricTree
[       OK ] LC._0101_SymmetricTree (0 ms)
[ RUN      ] LC._0102_BinaryTreeLevelOrderTraversal
[       OK ] LC._0102_BinaryTreeLevelOrderTraversal (0 ms)
[ RUN      ] LC._0103_BinaryTreeZigzagLevelOrderTraversal
[       OK ] LC._0103_BinaryTreeZigzagLevelOrderTraversal (0 ms)
[ RUN      ] LC._0104_MaximumDepthOfBinaryTree
[       OK ] LC._0104_MaximumDepthOfBinaryTree (0 ms)
[ RUN      ] LC._0105_ConstructBinaryTreeFromPreorderAndInorderTraversal
[       OK ] LC._0105_ConstructBinaryTreeFromPreorderAndInorderTraversal (0 ms)
[ RUN      ] LC._0106_ConstructBinaryTreeFromInorderAndPostorderTraversal
[       OK ] LC._0106_ConstructBinaryTreeFromInorderAndPostorderTraversal (0 ms)
[ RUN      ] LC._0107_BinaryTreeLevelOrderTraversalII
[       OK ] LC._0107_BinaryTreeLevelOrderTraversalII (0 ms)
[ RUN      ] LC._0108_ConvertSortedArrayToBinarySearchTree
[       OK ] LC._0108_ConvertSortedArrayToBinarySearchTree (0 ms)
[ RUN      ] LC._0109_ConvertSortedListToBinarySearchTree
[       OK ] LC._0109_ConvertSortedListToBinarySearchTree (0 ms)
[ RUN      ] LC._0110_BalancedBinaryTree
[       OK ] LC._0110_BalancedBinaryTree (0 ms)
[ RUN      ] LC._0112_PathSum
[       OK ] LC._0112_PathSum (0 ms)
[ RUN      ] LC._0113_PathSumII
[       OK ] LC._0113_PathSumII (0 ms)
[ RUN      ] LC._0114_FlattenBinaryTreeToLinkedList
[       OK ] LC._0114_FlattenBinaryTreeToLinkedList (0 ms)
[ RUN      ] LC._0116_PopulatingNextRightPointerInEachNode
[       OK ] LC._0116_PopulatingNextRightPointerInEachNode (0 ms)
[ RUN      ] LC._0428_SerializeAndDeserializeNAryTree
[       OK ] LC._0428_SerializeAndDeserializeNAryTree (0 ms)
[ RUN      ] LC._0235_LowestCommonAncestorOfABinarySearchTree
[       OK ] LC._0235_LowestCommonAncestorOfABinarySearchTree (0 ms)
[ RUN      ] LC._0236_LowestCommonAncestorBinaryTree
[       OK ] LC._0236_LowestCommonAncestorBinaryTree (0 ms)
[ RUN      ] LC._0255_VerifyPreorderSequenceInBinarySearchTree
[       OK ] LC._0255_VerifyPreorderSequenceInBinarySearchTree (0 ms)
[ RUN      ] LC._0270_ClosetBinarySearchTreeValue
[       OK ] LC._0270_ClosetBinarySearchTreeValue (0 ms)
[ RUN      ] LC._0285_InorderSuccessorInBST
[       OK ] LC._0285_InorderSuccessorInBST (0 ms)
[ RUN      ] LC._0510_InorderSuccessorInBSTII
[       OK ] LC._0510_InorderSuccessorInBSTII (0 ms)
[ RUN      ] LC._0314_BinarTreeVerticalOrderTraversal
[       OK ] LC._0314_BinarTreeVerticalOrderTraversal (0 ms)
[ RUN      ] LC._0404
[       OK ] LC._0404 (0 ms)
[ RUN      ] LC._0427_ConstructQuadTree
[       OK ] LC._0427_ConstructQuadTree (0 ms)
[ RUN      ] LC._0426_ConstructQuadTree
[       OK ] LC._0426_ConstructQuadTree (0 ms)
[ RUN      ] LC._0559_
[       OK ] LC._0559_ (0 ms)
[ RUN      ] LC._0589_
[       OK ] LC._0589_ (0 ms)
[ RUN      ] LC._0572_SubtreeOfAnotherTree
[       OK ] LC._0572_SubtreeOfAnotherTree (0 ms)
[ RUN      ] LC._0590_
[       OK ] LC._0590_ (0 ms)
[ RUN      ] LC._0637_AverageOfLevelsInBinaryTree
[       OK ] LC._0637_AverageOfLevelsInBinaryTree (0 ms)
[ RUN      ] LC._0654_
[       OK ] LC._0654_ (0 ms)
[ RUN      ] LC._0260_SingleNumberII
[       OK ] LC._0260_SingleNumberII (0 ms)
[ RUN      ] LC._0201_BitwiseANDofNumbersRange
[       OK ] LC._0201_BitwiseANDofNumbersRange (0 ms)
[ RUN      ] LC._371
[       OK ] LC._371 (0 ms)
[ RUN      ] LC._0401
[       OK ] LC._0401 (1 ms)
[ RUN      ] LC._0405
[       OK ] LC._0405 (0 ms)
[ RUN      ] LC._0461_
[       OK ] LC._0461_ (0 ms)
[ RUN      ] LC.LC__0017__Test
[       OK ] LC.LC__0017__Test (0 ms)
[ RUN      ] LC._0022_GenerateParentheses
[       OK ] LC._0022_GenerateParentheses (0 ms)
[ RUN      ] LC._0037_SudokuSolver
[       OK ] LC._0037_SudokuSolver (6 ms)
[ RUN      ] LC._0039_CombinationSum
[       OK ] LC._0039_CombinationSum (0 ms)
[ RUN      ] LC._0046_Permutations
[       OK ] LC._0046_Permutations (0 ms)
[ RUN      ] LC._0052_NQueensII
[       OK ] LC._0052_NQueensII (1 ms)
[ RUN      ] LC._0077_Combinations
[       OK ] LC._0077_Combinations (0 ms)
[ RUN      ] LC._0078_Subsets
[       OK ] LC._0078_Subsets (0 ms)
[ RUN      ] LC._0079_WordSearch
[       OK ] LC._0079_WordSearch (0 ms)
[ RUN      ] LC._0090_SubsetII
[       OK ] LC._0090_SubsetII (0 ms)
[ RUN      ] LC.LC__0267_Test
[       OK ] LC.LC__0267_Test (0 ms)
[ RUN      ] LC._0417_PacificAtlanticWaterFlow
[       OK ] LC._0417_PacificAtlanticWaterFlow (0 ms)
[ RUN      ] LC._0011_ContainerWithMostWater2
[       OK ] LC._0011_ContainerWithMostWater2 (0 ms)
[ RUN      ] LC._0012_IntegerToRoman
[       OK ] LC._0012_IntegerToRoman (0 ms)
[ RUN      ] LC._0013_RomanToInteger
[       OK ] LC._0013_RomanToInteger (0 ms)
[ RUN      ] LC._0010_RegularExpressionMatching
[       OK ] LC._0010_RegularExpressionMatching (0 ms)
[ RUN      ] LC._0062_UniquePaths
[       OK ] LC._0062_UniquePaths (0 ms)
[ RUN      ] LC._0063_UniquePathsII
[       OK ] LC._0063_UniquePathsII (0 ms)
[ RUN      ] LC._0064_MinimumPathSum
[       OK ] LC._0064_MinimumPathSum (0 ms)
[ RUN      ] LC._0070_ClimbingStairs
[       OK ] LC._0070_ClimbingStairs (0 ms)
[ RUN      ] LC._0097_InterleavingString
[       OK ] LC._0097_InterleavingString (0 ms)
[ RUN      ] LC._0312_BurstBalloons
[       OK ] LC._0312_BurstBalloons (0 ms)
[ RUN      ] LC._0139_wordBreak
[       OK ] LC._0139_wordBreak (0 ms)
[ RUN      ] LC._0264_nthUglyNumber
[       OK ] LC._0264_nthUglyNumber (0 ms)
[ RUN      ] LC._0322_CoinChange
[       OK ] LC._0322_CoinChange (0 ms)
[ RUN      ] LC._0343_IntegerBreak
[       OK ] LC._0343_IntegerBreak (0 ms)
[ RUN      ] LC._0472_ConcatenatedWords
[       OK ] LC._0472_ConcatenatedWords (0 ms)
[ RUN      ] LC._1494_ParallelCoursesII
[       OK ] LC._1494_ParallelCoursesII (0 ms)
[ RUN      ] LC._0375_GuessNumberHigherOrLowerII
[       OK ] LC._0375_GuessNumberHigherOrLowerII (0 ms)
[ RUN      ] LC._0646_MaximumLengthOfPairChain
[       OK ] LC._0646_MaximumLengthOfPairChain (0 ms)
[ RUN      ] LC._0007_ReverseInteger
[       OK ] LC._0007_ReverseInteger (0 ms)
[ RUN      ] LC._0009_PalindromeNumber
[       OK ] LC._0009_PalindromeNumber (0 ms)
[ RUN      ] LC._0029_DivideTwoIntegers
[       OK ] LC._0029_DivideTwoIntegers (0 ms)
[ RUN      ] LC._1447_SimplifiedFractions
[       OK ] LC._1447_SimplifiedFractions (0 ms)
[ RUN      ] LC._0258_AddDigits
[       OK ] LC._0258_AddDigits (0 ms)
[ RUN      ] LC._0263_UglyNumber
[       OK ] LC._0263_UglyNumber (0 ms)
[ RUN      ] LC._0311_SparseMatrixMultiplication
[       OK ] LC._0311_SparseMatrixMultiplication (0 ms)
[ RUN      ] LC._0326_PowerOfThree
[       OK ] LC._0326_PowerOfThree (0 ms)
[ RUN      ] LC._0342_PowerOfFour
[       OK ] LC._0342_PowerOfFour (0 ms)
[ RUN      ] LC._0367_
[       OK ] LC._0367_ (0 ms)
[ RUN      ] LC._0633_SumOfSquareNumbers
[       OK ] LC._0633_SumOfSquareNumbers (0 ms)
[ RUN      ] LC._0657
[       OK ] LC._0657 (0 ms)
[ RUN      ] LC._0005_LongestPalindromicSubstring
[       OK ] LC._0005_LongestPalindromicSubstring (0 ms)
[ RUN      ] LC._0006_ZigZagConversion
[       OK ] LC._0006_ZigZagConversion (0 ms)
[ RUN      ] LC._0008_StringToInteger
[       OK ] LC._0008_StringToInteger (0 ms)
[ RUN      ] LC._0038_CountAndSay
[       OK ] LC._0038_CountAndSay (0 ms)
[ RUN      ] LC._0043_MultiplyStrings
[       OK ] LC._0043_MultiplyStrings (0 ms)
[ RUN      ] LC._0058_LengthOfLastWord
[       OK ] LC._0058_LengthOfLastWord (0 ms)
[ RUN      ] LC._0544_OutputContestMatches
[       OK ] LC._0544_OutputContestMatches (0 ms)
[ RUN      ] LC._0816_AmbiguousCoordinates
[       OK ] LC._0816_AmbiguousCoordinates (0 ms)
[ RUN      ] LC._0179_LargestNumber
[       OK ] LC._0179_LargestNumber (0 ms)
[ RUN      ] LC._0224_BasicCalculator
[       OK ] LC._0224_BasicCalculator (1 ms)
[ RUN      ] LC._0241_DifferentWaysToAddParentheses
[       OK ] LC._0241_DifferentWaysToAddParentheses (0 ms)
[ RUN      ] LC._0467_UniqueSubstringsInWraparoundString
[       OK ] LC._0467_UniqueSubstringsInWraparoundString (0 ms)
[ RUN      ] LC._0293_FlipGame
[       OK ] LC._0293_FlipGame (0 ms)
[ RUN      ] LC._0344_ReverseString
[       OK ] LC._0344_ReverseString (0 ms)
[ RUN      ] LC._0345_ReverseVowelsOfAString
[       OK ] LC._0345_ReverseVowelsOfAString (0 ms)
[ RUN      ] LC._0383_RansomNote
[       OK ] LC._0383_RansomNote (0 ms)
[ RUN      ] LC._0387_FirstUniqueCharacterInAString
[       OK ] LC._0387_FirstUniqueCharacterInAString (0 ms)
[ RUN      ] LC._0409_LongestPalindrome
[       OK ] LC._0409_LongestPalindrome (0 ms)
[ RUN      ] LC._0412_FizzBuzz
[       OK ] LC._0412_FizzBuzz (0 ms)
[ RUN      ] LC._0415_AddStrings
[       OK ] LC._0415_AddStrings (0 ms)
[ RUN      ] LC._0423_ReconstructOriginalDigitFromEnglish
[       OK ] LC._0423_ReconstructOriginalDigitFromEnglish (0 ms)
[ RUN      ] LC._0438_FindAllAnagramsInAString
[       OK ] LC._0438_FindAllAnagramsInAString (0 ms)
[ RUN      ] LC._0482_
[       OK ] LC._0482_ (0 ms)
[ RUN      ] LC._0567_PermutationInString
[       OK ] LC._0567_PermutationInString (0 ms)
[ RUN      ] LC._0592_FractionAdditionAndSubtraction
[       OK ] LC._0592_FractionAdditionAndSubtraction (0 ms)
[ RUN      ] LC._0680
[       OK ] LC._0680 (0 ms)
[ RUN      ] LC._0003_LongestSubstringWithoutRepeatingCharacters
[       OK ] LC._0003_LongestSubstringWithoutRepeatingCharacters (0 ms)
[ RUN      ] LC._0239_SlidingWindowMaximum_2
[       OK ] LC._0239_SlidingWindowMaximum_2 (0 ms)
[ RUN      ] LC._0480_SlidingWindowMedian
[       OK ] LC._0480_SlidingWindowMedian (0 ms)
[ RUN      ] LC.LC__0002_Test
[       OK ] LC.LC__0002_Test (0 ms)
[ RUN      ] LC._0019_RemoveNthNodeFromEndToList
[       OK ] LC._0019_RemoveNthNodeFromEndToList (0 ms)
[ RUN      ] LC._0021_MergeTwoSortedLists
[       OK ] LC._0021_MergeTwoSortedLists (0 ms)
[ RUN      ] LC._0023_MergeKeSortedLists
[       OK ] LC._0023_MergeKeSortedLists (0 ms)
[ RUN      ] LC._0024_
[       OK ] LC._0024_ (0 ms)
[ RUN      ] LC._0025_ReverseNodeInKGroup
[       OK ] LC._0025_ReverseNodeInKGroup (0 ms)
[ RUN      ] LC._0061_RotateList
[       OK ] LC._0061_RotateList (0 ms)
[ RUN      ] LC._0082_RemoveDuplicatesFromSortedListII
[       OK ] LC._0082_RemoveDuplicatesFromSortedListII (0 ms)
[ RUN      ] LC._0083_RemoveDuplicatesFromSortedList
[       OK ] LC._0083_RemoveDuplicatesFromSortedList (0 ms)
[ RUN      ] LC._0086_PartitionList
[       OK ] LC._0086_PartitionList (0 ms)
[ RUN      ] LC._0278_FirstBadVersion
[       OK ] LC._0278_FirstBadVersion (0 ms)
[ RUN      ] LC._0001_TwoSum
[       OK ] LC._0001_TwoSum (0 ms)
[ RUN      ] LC.LC__0004__Test
[       OK ] LC.LC__0004__Test (0 ms)
[ RUN      ] LC._0015_3sum
[       OK ] LC._0015_3sum (0 ms)
[ RUN      ] LC._0020_ValidParentheses
[       OK ] LC._0020_ValidParentheses (0 ms)
[ RUN      ] LC._0026_RemoveDuplicatesFromSortedArray
[       OK ] LC._0026_RemoveDuplicatesFromSortedArray (0 ms)
[ RUN      ] LC._0027_RemoveElement
[       OK ] LC._0027_RemoveElement (0 ms)
[ RUN      ] LC._0031_NextPermutation
[       OK ] LC._0031_NextPermutation (0 ms)
[ RUN      ] LC._0056_MergeIntervals
[       OK ] LC._0056_MergeIntervals (0 ms)
[ RUN      ] LC._0059_SpiralMatrixII
[       OK ] LC._0059_SpiralMatrixII (0 ms)
[ RUN      ] LC._0033_SearchInRotatedSortedArray
[       OK ] LC._0033_SearchInRotatedSortedArray (0 ms)
[ RUN      ] LC._0035_SearchInsertPosition
[       OK ] LC._0035_SearchInsertPosition (0 ms)
[ RUN      ] LC._0036_ValidSudoku
[       OK ] LC._0036_ValidSudoku (0 ms)
[ RUN      ] LC._0048_RotateImage
[       OK ] LC._0048_RotateImage (0 ms)
[ RUN      ] LC._0067_AddBinary
[       OK ] LC._0067_AddBinary (0 ms)
[ RUN      ] LC._0074_SearchA2DMatrix
[       OK ] LC._0074_SearchA2DMatrix (0 ms)
[ RUN      ] LC._0075_SortColors
[       OK ] LC._0075_SortColors (0 ms)
[ RUN      ] LC._0088_MergeSortedArray
[       OK ] LC._0088_MergeSortedArray (0 ms)
[ RUN      ] LC._0118_PascalTriangle
[       OK ] LC._0118_PascalTriangle (0 ms)
[ RUN      ] LC._0119_
[       OK ] LC._0119_ (0 ms)
[ RUN      ] LC._0120_Triangle_meta
[       OK ] LC._0120_Triangle_meta (0 ms)
[ RUN      ] LC._0238_ProductOfArrayExceptSelf
[       OK ] LC._0238_ProductOfArrayExceptSelf (0 ms)
[ RUN      ] LC._0243_ShortestWordDistance
[       OK ] LC._0243_ShortestWordDistance (0 ms)
[ RUN      ] LC._0406_QueueReconstructionByHeight
[       OK ] LC._0406_QueueReconstructionByHeight (0 ms)
[ RUN      ] LC._0533_LonelyPixelII
[       OK ] LC._0533_LonelyPixelII (0 ms)
[ RUN      ] LC._1582_SpecialPositionsInABinaryMatrix
[       OK ] LC._1582_SpecialPositionsInABinaryMatrix (0 ms)
[ RUN      ] LC._1144_DecreaseElementsToMakeArrayZigzag
[       OK ] LC._1144_DecreaseElementsToMakeArrayZigzag (0 ms)
[ RUN      ] LC._1283_FindTheSmallestDivisorGivenAThreshold
[       OK ] LC._1283_FindTheSmallestDivisorGivenAThreshold (0 ms)
[ RUN      ] LC._0283_MoveZeros
[       OK ] LC._0283_MoveZeros (0 ms)
[ RUN      ] LC._0289_GameOfLife
[       OK ] LC._0289_GameOfLife (0 ms)
[ RUN      ] LC._303_RangeSumQueryImmutable
[       OK ] LC._303_RangeSumQueryImmutable (0 ms)
[ RUN      ] LC._0304_RangeSumQuery2DImmutable
[       OK ] LC._0304_RangeSumQuery2DImmutable (0 ms)
[ RUN      ] LC._0360_
[       OK ] LC._0360_ (0 ms)
[ RUN      ] LC._0361_
[       OK ] LC._0361_ (0 ms)
[ RUN      ] LC._0414_
[       OK ] LC._0414_ (0 ms)
[ RUN      ] LC._0498_DiagonalTraverse
[       OK ] LC._0498_DiagonalTraverse (0 ms)
[ RUN      ] LC.GRAPHPROBLEMS
[       OK ] LC.GRAPHPROBLEMS (0 ms)
[ RUN      ] LC._1135_ConnectingCitiesWithMinimumCost
[       OK ] LC._1135_ConnectingCitiesWithMinimumCost (0 ms)
[----------] 172 tests from LC (11 ms total)

[----------] Global test environment tear-down
[==========] 172 tests from 1 test suite ran. (11 ms total)
[  PASSED  ] 172 tests.
<end of output>
Test time =   0.05 sec
----------------------------------------------------------
Test Passed.
"PracticeTest" end time: Jan 26 20:22 Eastern Standard Time
"PracticeTest" time elapsed: 00:00:00
----------------------------------------------------------

End testing: Jan 26 20:22 Eastern Standard Time
