Start testing: Jun 28 16:48 Eastern Daylight Time
----------------------------------------------------------
1/1 Testing: PracticeTest
1/1 Test: PracticeTest
Command: "C:/Users/liuru/OneDrive/Documents/GitHub/Practice/build/test/PracticeTest.exe"
Directory: C:/Users/liuru/OneDrive/Documents/GitHub/Practice/build/test
"PracticeTest" start time: Jun 28 16:48 Eastern Daylight Time
Output:
----------------------------------------------------------
Running main() from C:\Users\liuru\OneDrive\Documents\GitHub\Practice\googletest\googletest\src\gtest_main.cc
[==========] Running 8 tests from 1 test suite.
[----------] Global test environment set-up.
[----------] 8 tests from LINTCODE
[ RUN      ] LINTCODE._0001_APlusBProblem
[       OK ] LINTCODE._0001_APlusBProblem (0 ms)
[ RUN      ] LINTCODE._0002_TrailingZeros
[       OK ] LINTCODE._0002_TrailingZeros (0 ms)
[ RUN      ] LINTCODE._0004_UglyNumberII
[       OK ] LINTCODE._0004_UglyNumberII (0 ms)
[ RUN      ] LINTCODE._0006_MergeTwoSortedArrays
[       OK ] LINTCODE._0006_MergeTwoSortedArrays (0 ms)
[ RUN      ] LINTCODE._0008_RotateString
[       OK ] LINTCODE._0008_RotateString (0 ms)
[ RUN      ] LINTCODE._0009_FizzBuzz
[       OK ] LINTCODE._0009_FizzBuzz (0 ms)
[ RUN      ] LINTCODE._1010_MaxIncreaseToKeepCitySkyline
[       OK ] LINTCODE._1010_MaxIncreaseToKeepCitySkyline (0 ms)
[ RUN      ] LINTCODE._1038_JewelsAndStones
[       OK ] LINTCODE._1038_JewelsAndStones (0 ms)
[----------] 8 tests from LINTCODE (0 ms total)

[----------] Global test environment tear-down
[==========] 8 tests from 1 test suite ran. (0 ms total)
[  PASSED  ] 8 tests.
<end of output>
Test time =   0.03 sec
----------------------------------------------------------
Test Passed.
"PracticeTest" end time: Jun 28 16:48 Eastern Daylight Time
"PracticeTest" time elapsed: 00:00:00
----------------------------------------------------------

End testing: Jun 28 16:48 Eastern Daylight Time
