<?xml version="1.0" encoding="UTF-8"?>
<Site BuildName="(empty)"
	BuildStamp="20200706-0016-Experimental"
	Name="(empty)"
	Generator="ctest-3.16.3"
	CompilerName=""
	CompilerVersion=""
	OSName="Linux"
	Hostname="ruiliu-Computer"
	OSRelease="5.4.0-40-generic"
	OSVersion="#44-Ubuntu SMP Tue Jun 23 00:01:04 UTC 2020"
	OSPlatform="x86_64"
	Is64Bits="1"
	VendorString="GenuineIntel"
	VendorID="Intel Corporation"
	FamilyID="6"
	ModelID="79"
	ProcessorCacheSize="15360"
	NumberOfLogicalCPU="12"
	NumberOfPhysicalCPU="6"
	TotalVirtualMemory="2047"
	TotalPhysicalMemory="64232"
	LogicalProcessorsPerPhysical="2"
	ProcessorClockFrequency="1199.44"
	>
	<Testing>
		<StartDateTime>Jul 06 00:46 EDT</StartDateTime>
		<StartTestTime>1594010792</StartTestTime>
		<TestList>
			<Test>./test/PracticeTest</Test>
		</TestList>
		<Test Status="passed">
			<Name>PracticeTest</Name>
			<Path>./test</Path>
			<FullName>./test/PracticeTest</FullName>
			<FullCommandLine>/home/ruiliu/Github/Practice_new/Practice/build/test/PracticeTest</FullCommandLine>
			<Results>
				<NamedMeasurement type="numeric/double" name="Execution Time">
					<Value>0.0155787</Value>
				</NamedMeasurement>
				<NamedMeasurement type="numeric/double" name="Processors">
					<Value>1</Value>
				</NamedMeasurement>
				<NamedMeasurement type="text/string" name="Completion Status">
					<Value>Completed</Value>
				</NamedMeasurement>
				<NamedMeasurement type="text/string" name="Command Line">
					<Value>/home/ruiliu/Github/Practice_new/Practice/build/test/PracticeTest</Value>
				</NamedMeasurement>
				<Measurement>
					<Value encoding="base64" compression="gzip">eJyFk0tP4zAQgO/9FXOEA3lAtSoHDoVdUGEpVRsuW1WWkwyJheOp/KCkvx6nRV1AEM8l4+Sbb5w4M3dKCVVBw4U6OoYnTQ3ENTUYayekcPGNsLXL45nmhRUFMoWbwyKuiCqJFo39mBpdxFWXsc4aFcVgeXGIFczfWw7PoYPMvunZbgHGCX+NBsuTQ6zgRlLO5R5A9SI0qQaVh9GeuPUXOB191P6dTLOrh99/BkuYP05hF6vD3YglSZKy8Uw6cznTlEtsPLmPh7sACUcJNOa4R33KMs39Z1TVP9RketRfyLB6yB4r2U5dk6OeTHrMn8Gw+Be7R11htqEFaYvlWGve9m39+4JwoxGbk+UWF1b71+5p8BkMi8/ZtdhuL9122yP9DwWEaZIm7J6/TlShkRvM6A5xfSVsu3hu/YHhT02ChcHGZyN2ixuUZqzKhSWFPx7Dd2xIn/pf4zaKokFWI+hutugJrM93c0bOrp2FDTf+WUMvWIIRqkAQfgZfC8TS7OHal9Yky646TU6HkLe7CX4DZD1LPg==</Value>
				</Measurement>
			</Results>
		</Test>
		<EndDateTime>Jul 06 00:46 EDT</EndDateTime>
		<EndTestTime>1594010792</EndTestTime>
		<ElapsedMinutes>0</ElapsedMinutes>
	</Testing>
</Site>
