<?xml version="1.0" encoding="UTF-8"?>
<Site BuildName="(empty)"
	BuildStamp="20200628-0045-Experimental"
	Name="(empty)"
	Generator="ctest-3.17.3"
	CompilerName=""
	CompilerVersion=""
	OSName="Windows"
	Hostname="DESKTOP-ILNPTKP"
	OSRelease=" Personal"
	OSVersion=" (Build 18362)"
	OSPlatform="AMD64"
	Is64Bits="1"
	VendorString="GenuineIntel"
	VendorID="Intel Corporation"
	FamilyID="6"
	ModelID="15"
	ProcessorCacheSize="-1"
	NumberOfLogicalCPU="12"
	NumberOfPhysicalCPU="6"
	TotalVirtualMemory="75171"
	TotalPhysicalMemory="65443"
	LogicalProcessorsPerPhysical="2"
	ProcessorClockFrequency="3597"
	>
	<Testing>
		<StartDateTime>Jun 28 00:36 Eastern Daylight Time</StartDateTime>
		<StartTestTime>1593318988</StartTestTime>
		<TestList>
			<Test>./test/PracticeTest</Test>
		</TestList>
		<Test Status="failed">
			<Name>PracticeTest</Name>
			<Path>./test</Path>
			<FullName>./test/PracticeTest</FullName>
			<FullCommandLine>C:\Users\liuru\OneDrive\Documents\GitHub\Practice\build\test\PracticeTest.exe</FullCommandLine>
			<Results>
				<NamedMeasurement type="text/string" name="Exit Code">
					<Value>Failed</Value>
				</NamedMeasurement>
				<NamedMeasurement type="text/string" name="Exit Value">
					<Value>1</Value>
				</NamedMeasurement>
				<NamedMeasurement type="numeric/double" name="Execution Time">
					<Value>0.0572445</Value>
				</NamedMeasurement>
				<NamedMeasurement type="numeric/double" name="Processors">
					<Value>1</Value>
				</NamedMeasurement>
				<NamedMeasurement type="text/string" name="Completion Status">
					<Value>Completed</Value>
				</NamedMeasurement>
				<NamedMeasurement type="text/string" name="Command Line">
					<Value>C:\Users\liuru\OneDrive\Documents\GitHub\Practice\build\test\PracticeTest.exe</Value>
				</NamedMeasurement>
				<Measurement>
					<Value encoding="base64" compression="gzip">eJy1VNuO2jAQffdXjHhapBLBalm1kfrAvagUEARVKkGRE4ZgybGpL1D4+jpkRcuqJVuJzos9zvGZ48nRzKwQTKSQUSYeqrBRMoOOHy40Kh1yZpUNJwK7iu0x7MrEZiiMDgfMfLJxOFU0MSzBMJUy5WhQm9+3WiVhmu+inN1LErL8eIkVzF5KP0OO0UXtxjkBbZlBjyxrl1jBgMuY8uI7ij1TUuRqQKOp2d0r8BXpaDgOOpNujyxhthjDOVaXUy+q1+uNqDXlVrenSsYcM4csYvK5BAkPdch09Qb1YxQoyrh76jdUUt+gfoUsp36KFik/jm0WoxoObzBfA8uJn6MvqFIMDnIulcF1Syl6vCX9zxfKC72PZtJQg3Oj3LPJv1vv7LQRE6Yj1xi4xEt2O//p0Ye+a6VVSHo/dpg4SYDfLeXMHEFuwGxRI+wpt6h9Ame3OA0kl/h1y5ItMO1DpdXudHv9QcWdVwZFUrmfyOZ9RNI4WeMmPYt0a57eT2Sz8R9FOj/1W8NRr1vii3IffYj67HRq29Pphkl/gS6EpTOjQIJxaniVvG0iGaSqtpYHcT3w/jroQFHhXRdyj5i25vOiM83ionfdr4LhHXCm838SI5cH/80tJcQRvCCD3jwgPwEOQOMh====</Value>
				</Measurement>
			</Results>
		</Test>
		<EndDateTime>Jun 28 00:36 Eastern Daylight Time</EndDateTime>
		<EndTestTime>1593318988</EndTestTime>
		<ElapsedMinutes>0</ElapsedMinutes>
	</Testing>
</Site>
