<?xml version="1.0" encoding="UTF-8"?>
<Site BuildName="(empty)"
	BuildStamp="20200628-0045-Experimental"
	Name="(empty)"
	Generator="ctest-3.17.3"
	CompilerName=""
	CompilerVersion=""
	OSName="Windows"
	Hostname="DESKTOP-ILNPTKP"
	OSRelease=" Personal"
	OSVersion=" (Build 18362)"
	OSPlatform="AMD64"
	Is64Bits="1"
	VendorString="GenuineIntel"
	VendorID="Intel Corporation"
	FamilyID="6"
	ModelID="15"
	ProcessorCacheSize="-1"
	NumberOfLogicalCPU="12"
	NumberOfPhysicalCPU="6"
	TotalVirtualMemory="75171"
	TotalPhysicalMemory="65443"
	LogicalProcessorsPerPhysical="2"
	ProcessorClockFrequency="3597"
	>
	<Testing>
		<StartDateTime>Jun 28 16:48 Eastern Daylight Time</StartDateTime>
		<StartTestTime>1593377327</StartTestTime>
		<TestList>
			<Test>./test/PracticeTest</Test>
		</TestList>
		<Test Status="passed">
			<Name>PracticeTest</Name>
			<Path>./test</Path>
			<FullName>./test/PracticeTest</FullName>
			<FullCommandLine>C:\Users\liuru\OneDrive\Documents\GitHub\Practice\build\test\PracticeTest.exe</FullCommandLine>
			<Results>
				<NamedMeasurement type="numeric/double" name="Execution Time">
					<Value>0.0254573</Value>
				</NamedMeasurement>
				<NamedMeasurement type="numeric/double" name="Processors">
					<Value>1</Value>
				</NamedMeasurement>
				<NamedMeasurement type="text/string" name="Completion Status">
					<Value>Completed</Value>
				</NamedMeasurement>
				<NamedMeasurement type="text/string" name="Command Line">
					<Value>C:\Users\liuru\OneDrive\Documents\GitHub\Practice\build\test\PracticeTest.exe</Value>
				</NamedMeasurement>
				<Measurement>
					<Value encoding="base64" compression="gzip">eJyFk1Fv2jAQx9/zKe6xfWiUdNXEJu2BwtaxroAgvJQgK3GuwZpjo7MNDZ9+DkysVCW5Jyf+3e9vy7qZU0qoEqpMqKtreCFdweBrujBIJpXCkUsnCocktpgONXcVKmvSB2F/ujydUsat4JiWWpcSLRr7dmmIp2WzYo095DxYfjvVCmb/onvQMOaYHR8+wDhhMQyWN6dawYPUeSaP+6i2grRqTgMG7Y3bvIPPpL9H42QwGX4PljBbjOFQq9PfkEVRFLP+VDpzPyWdS6w8eazJYwcJVxFU5rpFfcsSyoT0V31G0qZF/Y7sVt+xRSnrsatypNGoxXwOdos/syekEpOdnmuyWPSJsrrt6B83dAf12EzbzOLckr92S8A52C3+wn6I/f7e7fct0v9QhzCO4og9Za8jxQkzg4l+RNwMhK3nf2r/YHgppLOxM/hTj/3CHUrTV8XcaoUXn+Ej9qS/MBxhGAbJGoGaqdIvYP36MGHa2Y2zsMuM36v0FgswQnEE4afvlSMW5givfetay6LpjqPbO8hrLwiDv8pZTjw=</Value>
				</Measurement>
			</Results>
		</Test>
		<EndDateTime>Jun 28 16:48 Eastern Daylight Time</EndDateTime>
		<EndTestTime>1593377327</EndTestTime>
		<ElapsedMinutes>0</ElapsedMinutes>
	</Testing>
</Site>
