<?xml version="1.0" encoding="UTF-8"?>
<Site BuildName="(empty)"
	BuildStamp="20200701-0241-Experimental"
	Name="(empty)"
	Generator="ctest-3.17.3"
	CompilerName=""
	CompilerVersion=""
	OSName="Windows"
	Hostname="DESKTOP-ILNPTKP"
	OSRelease=" Personal"
	OSVersion=" (Build 18362)"
	OSPlatform="AMD64"
	Is64Bits="1"
	VendorString="GenuineIntel"
	VendorID="Intel Corporation"
	FamilyID="6"
	ModelID="15"
	ProcessorCacheSize="-1"
	NumberOfLogicalCPU="12"
	NumberOfPhysicalCPU="6"
	TotalVirtualMemory="75171"
	TotalPhysicalMemory="65443"
	LogicalProcessorsPerPhysical="2"
	ProcessorClockFrequency="3597"
	>
	<Testing>
		<StartDateTime>Jun 30 22:59 Eastern Daylight Time</StartDateTime>
		<StartTestTime>1593572372</StartTestTime>
		<TestList>
			<Test>./test/PracticeTest</Test>
		</TestList>
		<Test Status="passed">
			<Name>PracticeTest</Name>
			<Path>./test</Path>
			<FullName>./test/PracticeTest</FullName>
			<FullCommandLine>C:\Users\liuru\OneDrive\Documents\GitHub\Practice\build\test\PracticeTest.exe</FullCommandLine>
			<Results>
				<NamedMeasurement type="numeric/double" name="Execution Time">
					<Value>0.029345</Value>
				</NamedMeasurement>
				<NamedMeasurement type="numeric/double" name="Processors">
					<Value>1</Value>
				</NamedMeasurement>
				<NamedMeasurement type="text/string" name="Completion Status">
					<Value>Completed</Value>
				</NamedMeasurement>
				<NamedMeasurement type="text/string" name="Command Line">
					<Value>C:\Users\liuru\OneDrive\Documents\GitHub\Practice\build\test\PracticeTest.exe</Value>
				</NamedMeasurement>
				<Measurement>
					<Value encoding="base64" compression="gzip">eJyFk8tuqzAQhvd5ilk2iyKIqqO2Uhe5tGnUXBAhm5YIGTIl1jF25Eta8vTHQJXTohRmw9j+5v/H2A4M55RnkBPKr/rwLkUO4/too1CqiFEjTbTiOJH0iNFEpCZHrlU0pfrZJJEvSappilEmRMZQo9LfUyXTKCuzuFR30rT39nCOLQRf1t4dlJCqzQfVAJSh9uv03q7PsYUpEwlhNYD8SKXgZT+gUF+bQwP2aq4SnVtrCDZLqGJrx840GPrPfrAazR8Xa7tax+rlwipcuZCrfpt8jYAWmrB+r0Heft/ffLYMx6vJY6Ohr1kndl3Xi4c+M2rkS5EwzBvNtZDnRn+VHsShJJTZ3/6KUqgW6QbZLX0TbzJWLE2eoJzNWpR/gt3Cf+IFygzDD7EWUuNuKCUp2lq/XNBtdBsH9vw0rrW0224x+Al2C9/FT/R0GpnTqUX0P9Qh6LmeGy/I54ynEonCULwgHsZUF+u/hT0w/M3kUqHjOL1wjyDLyyzeQdu8utjC6IPR8EGUXcvFEXegKE8RqH17nyniTtXw3pbuBduV1Z47uIGkqF7uPzB/SY4=</Value>
				</Measurement>
			</Results>
		</Test>
		<EndDateTime>Jun 30 22:59 Eastern Daylight Time</EndDateTime>
		<EndTestTime>1593572372</EndTestTime>
		<ElapsedMinutes>0</ElapsedMinutes>
	</Testing>
</Site>
