<?xml version="1.0" encoding="UTF-8"?>
<Site BuildName="(empty)"
	BuildStamp="20200709-0618-Experimental"
	Name="(empty)"
	Generator="ctest-3.17.3"
	CompilerName=""
	CompilerVersion=""
	OSName="Windows"
	Hostname="DESKTOP-ILNPTKP"
	OSRelease=" Personal"
	OSVersion=" (Build 18362)"
	OSPlatform="AMD64"
	Is64Bits="1"
	VendorString="GenuineIntel"
	VendorID="Intel Corporation"
	FamilyID="6"
	ModelID="15"
	ProcessorCacheSize="-1"
	NumberOfLogicalCPU="12"
	NumberOfPhysicalCPU="6"
	TotalVirtualMemory="89250"
	TotalPhysicalMemory="65443"
	LogicalProcessorsPerPhysical="2"
	ProcessorClockFrequency="3597"
	>
	<Testing>
		<StartDateTime>Jul 08 23:38 Eastern Daylight Time</StartDateTime>
		<StartTestTime>1594265926</StartTestTime>
		<TestList>
			<Test>./test/PracticeTest</Test>
		</TestList>
		<Test Status="passed">
			<Name>PracticeTest</Name>
			<Path>./test</Path>
			<FullName>./test/PracticeTest</FullName>
			<FullCommandLine>C:\Users\liuru\OneDrive\Documents\GitHub\Practice\build\test\PracticeTest.exe</FullCommandLine>
			<Results>
				<NamedMeasurement type="numeric/double" name="Execution Time">
					<Value>0.0333125</Value>
				</NamedMeasurement>
				<NamedMeasurement type="numeric/double" name="Processors">
					<Value>1</Value>
				</NamedMeasurement>
				<NamedMeasurement type="text/string" name="Completion Status">
					<Value>Completed</Value>
				</NamedMeasurement>
				<NamedMeasurement type="text/string" name="Command Line">
					<Value>C:\Users\liuru\OneDrive\Documents\GitHub\Practice\build\test\PracticeTest.exe</Value>
				</NamedMeasurement>
				<Measurement>
					<Value encoding="base64" compression="gzip">eJx9k01v2zAMhu/5FTymhxq266TrgB6GFMiCdWmWpGiBOBAUh7WF2WKgj3T995PtrUhT2bxYEh++oklxaaUUMoeKCzm8gBdFFUy+po8alU5LYZVNHyTeKXHE9I4yW6E0Op0K893u0oXimREZpjlRXqJBbU6XWmVpXq9YrR5k2WBz+25bWP67ejyCGtLt5VfNBrQV7hsMNpfvtoVpSTtetgDKo1Ak63xAo7m0hzM4GZ/K3k8GG1g+zqGxrdsHLAyTGzZVZA/fJM8Vr7RjWnv40cnAMIRKX/jkRiFb0Ovz3Cfz39cZHiVfRuxzZHPcFXQ/YU46umZs7X71U/BHd0/iccymKFFxgwuuXEkL1Oithp/skb66Ziu7p992ReURlU/zDIHhqFPshk2o2gnJjSC5spVX7hzqyS4ZswWqypqG9ff/I9LX/pjNf1lEqWcz7xM48cMw6pKJIpe/NG5kUD0JU/wkbZ5cvb2164R78oxiNpMGc1RrCoJgsC4QVP1A6AVcP9v5ImsO1sAr185X0RH3oIXMEISbvT8Z4l63cOFCCyr3dXQUxgns3prJ/QvE5kTJ====</Value>
				</Measurement>
			</Results>
		</Test>
		<EndDateTime>Jul 08 23:38 Eastern Daylight Time</EndDateTime>
		<EndTestTime>1594265926</EndTestTime>
		<ElapsedMinutes>0</ElapsedMinutes>
	</Testing>
</Site>
