<?xml version="1.0" encoding="UTF-8"?>
<Site BuildName="(empty)"
	BuildStamp="20200724-0025-Experimental"
	Name="(empty)"
	Generator="ctest-3.17.3"
	CompilerName=""
	CompilerVersion=""
	OSName="Windows"
	Hostname="DESKTOP-ILNPTKP"
	OSRelease=" Personal"
	OSVersion=" (Build 18362)"
	OSPlatform="AMD64"
	Is64Bits="1"
	VendorString="GenuineIntel"
	VendorID="Intel Corporation"
	FamilyID="6"
	ModelID="15"
	ProcessorCacheSize="-1"
	NumberOfLogicalCPU="12"
	NumberOfPhysicalCPU="6"
	TotalVirtualMemory="75171"
	TotalPhysicalMemory="65443"
	LogicalProcessorsPerPhysical="2"
	ProcessorClockFrequency="3597"
	>
	<Testing>
		<StartDateTime>Jul 23 20:25 Eastern Daylight Time</StartDateTime>
		<StartTestTime>1595550328</StartTestTime>
		<TestList>
			<Test>./test/PracticeTest</Test>
		</TestList>
		<Test Status="passed">
			<Name>PracticeTest</Name>
			<Path>./test</Path>
			<FullName>./test/PracticeTest</FullName>
			<FullCommandLine>C:\Users\liuru\OneDrive\Documents\GitHub\Practice\build\test\PracticeTest.exe</FullCommandLine>
			<Results>
				<NamedMeasurement type="numeric/double" name="Execution Time">
					<Value>0.0664097</Value>
				</NamedMeasurement>
				<NamedMeasurement type="numeric/double" name="Processors">
					<Value>1</Value>
				</NamedMeasurement>
				<NamedMeasurement type="text/string" name="Completion Status">
					<Value>Completed</Value>
				</NamedMeasurement>
				<NamedMeasurement type="text/string" name="Command Line">
					<Value>C:\Users\liuru\OneDrive\Documents\GitHub\Practice\build\test\PracticeTest.exe</Value>
				</NamedMeasurement>
				<Measurement>
					<Value encoding="base64" compression="gzip">eJyNk01v4jAQhu/8ijm2B6LQwoqutIculShqVRAf1UoEWcaZBkuxzY7tsPz7dZJthdok2rlknHnfZzxRZum1ljoDxaW+uoY3Mgom35ONRbJJLj35ZK7xgWSByYMRXqF2NplK9+j3yYK4cFJgkhmT5ejQusvUkkiyMmMlPRKit/3xETtY/ms9iGMoVbbuflsdwHoZnlFv2/+IHUxzs+d5LUBdSDK6vBBYdH1//CQeDy6xz5PeFpabF6hiF84Ri+PhHZuS8cd7zTPiygZNHfOnVg1cxaDsdRNuFLOFOf16acK81zrsdyO20fK3x59SczqvkJM4rAlxNmsidsi7mnxrcTW2aBN3NBiX34ufJyZtRF6UWyGD4XjEvpqr112jjdkrz2XK3f8N1y5vbxL+VrbiClugl+UuyICtzkqhIylaSZ80XbgbVk9Q6p6xwHxOKdKaeBH2mOeN+MoTRVFvfUCgcqXMG7iQV+tlvDt6ByduQ02ZAlOwUgsEGVbvj0BMbS0+BOvB5GnpDtAh7M/V4v4FWklInQ==</Value>
				</Measurement>
			</Results>
		</Test>
		<EndDateTime>Jul 23 20:25 Eastern Daylight Time</EndDateTime>
		<EndTestTime>1595550328</EndTestTime>
		<ElapsedMinutes>0</ElapsedMinutes>
	</Testing>
</Site>
