<?xml version="1.0" encoding="UTF-8"?>
<Site BuildName="(empty)"
	BuildStamp="20200705-1859-Experimental"
	Name="(empty)"
	Generator="ctest-3.16.3"
	CompilerName=""
	CompilerVersion=""
	OSName="Linux"
	Hostname="ruiliu-Computer"
	OSRelease="5.4.0-40-generic"
	OSVersion="#44-Ubuntu SMP Tue Jun 23 00:01:04 UTC 2020"
	OSPlatform="x86_64"
	Is64Bits="1"
	VendorString="GenuineIntel"
	VendorID="Intel Corporation"
	FamilyID="6"
	ModelID="79"
	ProcessorCacheSize="15360"
	NumberOfLogicalCPU="12"
	NumberOfPhysicalCPU="6"
	TotalVirtualMemory="2047"
	TotalPhysicalMemory="64232"
	LogicalProcessorsPerPhysical="2"
	ProcessorClockFrequency="1561.3"
	>
	<Testing>
		<StartDateTime>Jul 05 19:55 EDT</StartDateTime>
		<StartTestTime>1593993325</StartTestTime>
		<TestList>
			<Test>./test/PracticeTest</Test>
		</TestList>
		<Test Status="passed">
			<Name>PracticeTest</Name>
			<Path>./test</Path>
			<FullName>./test/PracticeTest</FullName>
			<FullCommandLine>/home/ruiliu/Github/Practice_new/Practice/build/test/PracticeTest</FullCommandLine>
			<Results>
				<NamedMeasurement type="numeric/double" name="Execution Time">
					<Value>0.00234954</Value>
				</NamedMeasurement>
				<NamedMeasurement type="numeric/double" name="Processors">
					<Value>1</Value>
				</NamedMeasurement>
				<NamedMeasurement type="text/string" name="Completion Status">
					<Value>Completed</Value>
				</NamedMeasurement>
				<NamedMeasurement type="text/string" name="Command Line">
					<Value>/home/ruiliu/Github/Practice_new/Practice/build/test/PracticeTest</Value>
				</NamedMeasurement>
				<Measurement>
					<Value encoding="base64" compression="gzip">eJyFk0tP4zAQgO/9FXOEA3lQtJTDHgq7i8qjVG24bFVZTjIk1jqeyg9K+utxWtQFBPFcMk6++caJM3OnlFAVNFyoo2N40tRAXFODsXZCChdfC1u7PJ5pXlhRIFO4OSziiqiSaNHY96nRRVx1GeusUVEMlj8PsYL5W8vhOXSQ2Tcd7hZgnPDXaLA8OcQKriXlXO4BVM9Ck2pQeRjtiVt/gtPRe+3dZJpdPfz6PVjC/HEKu1gd7kYsSZKUjWfSmcuZplxi48l9PNwGSDhKoDHHPepTlmnuP6Oq/qIm06P+RIbVZ+yxku3UNTnqyaTH/BEMi3+we9QVZhtakLZYjrXmbd/Wvy4INxqxOVlucWG1f+2eBh/BsPiC/RHb7aXbbnuk/6GAME3ShN3zl4kqNHKDGd0irq+EbRf/Wn9g+F2TYGGw8XDEbnCD0oxVubCk8Ntj+IoN6VP/a9xEUTTIagTdzRY9gfX5bs7I2bWzsOHGP2voGUswQhUIws/gS4FYmj1c+9KaZNlVp8npGeTtboJfAViiSzs=</Value>
				</Measurement>
			</Results>
		</Test>
		<EndDateTime>Jul 05 19:55 EDT</EndDateTime>
		<EndTestTime>1593993325</EndTestTime>
		<ElapsedMinutes>0</ElapsedMinutes>
	</Testing>
</Site>
