<?xml version="1.0" encoding="UTF-8"?>
<Site BuildName="(empty)"
	BuildStamp="20200705-1859-Experimental"
	Name="(empty)"
	Generator="ctest-3.16.3"
	CompilerName=""
	CompilerVersion=""
	OSName="Linux"
	Hostname="ruiliu-Computer"
	OSRelease="5.4.0-40-generic"
	OSVersion="#44-Ubuntu SMP Tue Jun 23 00:01:04 UTC 2020"
	OSPlatform="x86_64"
	Is64Bits="1"
	VendorString="GenuineIntel"
	VendorID="Intel Corporation"
	FamilyID="6"
	ModelID="79"
	ProcessorCacheSize="15360"
	NumberOfLogicalCPU="12"
	NumberOfPhysicalCPU="6"
	TotalVirtualMemory="2047"
	TotalPhysicalMemory="64232"
	LogicalProcessorsPerPhysical="2"
	ProcessorClockFrequency="1414.05"
	>
	<Testing>
		<StartDateTime>Jul 05 16:56 EDT</StartDateTime>
		<StartTestTime>1593982560</StartTestTime>
		<TestList>
			<Test>./test/PracticeTest</Test>
		</TestList>
		<Test Status="passed">
			<Name>PracticeTest</Name>
			<Path>./test</Path>
			<FullName>./test/PracticeTest</FullName>
			<FullCommandLine>/home/ruiliu/Github/Practice_new/Practice/build/test/PracticeTest</FullCommandLine>
			<Results>
				<NamedMeasurement type="numeric/double" name="Execution Time">
					<Value>0.00474585</Value>
				</NamedMeasurement>
				<NamedMeasurement type="numeric/double" name="Processors">
					<Value>1</Value>
				</NamedMeasurement>
				<NamedMeasurement type="text/string" name="Completion Status">
					<Value>Completed</Value>
				</NamedMeasurement>
				<NamedMeasurement type="text/string" name="Command Line">
					<Value>/home/ruiliu/Github/Practice_new/Practice/build/test/PracticeTest</Value>
				</NamedMeasurement>
				<Measurement>
					<Value encoding="base64" compression="gzip">eJyFk0tP4zAQgO/9FXOEA3lQtOoe9lBgFxWWUrXhQlVZTjIk1jqeyg9K+uvXaVZdQBDPJePkm2+cOLN0SglVQcOFOjmFZ00NxDU1GGsnpHDxjbC1y+OF5oUVBTKFu+MirogqiRaNfZsaXcRVl7HOGhXFaP3jGBtY/ms5HkMHmb5pvwDjhL9Go/XZMTZwIynnsgdQvQhNqkHlYbRnbvsBTidvtb9n8+zq4frnaA3LxzkcYnO8G7EkSVI2XUhnLheacomNJ/t4uAuQcJJAY04H1Ocs09x/RlU9oSYzoP5AhtUX7LGS7dw1OerZbMD8HgyLv7F71BVmO1qRtlhOtebt0NY/Lwg3mrAlWW5xZbV/7YEG78Gw+Dv7Jfb7S7ffD0j/QwFhmqQJu+evM1Vo5AYzukPcXgnbrv60/sDwqybBwmDj8YTd4g6lmapyZUnhl8fwGRvSp/7XuI2iaJTVCLqbLXoG6/PDnJGzW2dhx41/1tALlmCEKhCEn8HXArE0PVz70ppk2VWnyfkF5O1hgv8CSSpLNw==</Value>
				</Measurement>
			</Results>
		</Test>
		<EndDateTime>Jul 05 16:56 EDT</EndDateTime>
		<EndTestTime>1593982560</EndTestTime>
		<ElapsedMinutes>0</ElapsedMinutes>
	</Testing>
</Site>
