<?xml version="1.0" encoding="UTF-8"?>
<Site BuildName="(empty)"
	BuildStamp="20200710-0201-Experimental"
	Name="(empty)"
	Generator="ctest-3.17.3"
	CompilerName=""
	CompilerVersion=""
	OSName="Windows"
	Hostname="DESKTOP-ILNPTKP"
	OSRelease=" Personal"
	OSVersion=" (Build 18362)"
	OSPlatform="AMD64"
	Is64Bits="1"
	VendorString="GenuineIntel"
	VendorID="Intel Corporation"
	FamilyID="6"
	ModelID="15"
	ProcessorCacheSize="-1"
	NumberOfLogicalCPU="12"
	NumberOfPhysicalCPU="6"
	TotalVirtualMemory="75171"
	TotalPhysicalMemory="65443"
	LogicalProcessorsPerPhysical="2"
	ProcessorClockFrequency="3597"
	>
	<Testing>
		<StartDateTime>Jul 10 00:15 Eastern Daylight Time</StartDateTime>
		<StartTestTime>1594354524</StartTestTime>
		<TestList>
			<Test>./test/PracticeTest</Test>
		</TestList>
		<Test Status="passed">
			<Name>PracticeTest</Name>
			<Path>./test</Path>
			<FullName>./test/PracticeTest</FullName>
			<FullCommandLine>C:\Users\liuru\OneDrive\Documents\GitHub\Practice\build\test\PracticeTest.exe</FullCommandLine>
			<Results>
				<NamedMeasurement type="numeric/double" name="Execution Time">
					<Value>0.0358595</Value>
				</NamedMeasurement>
				<NamedMeasurement type="numeric/double" name="Processors">
					<Value>1</Value>
				</NamedMeasurement>
				<NamedMeasurement type="text/string" name="Completion Status">
					<Value>Completed</Value>
				</NamedMeasurement>
				<NamedMeasurement type="text/string" name="Command Line">
					<Value>C:\Users\liuru\OneDrive\Documents\GitHub\Practice\build\test\PracticeTest.exe</Value>
				</NamedMeasurement>
				<Measurement>
					<Value encoding="base64" compression="gzip">eJx9k99PwjAQx9/5K+4RH1wGgoCJD4oJJhpEhsaEkaZ059a4tqQ/UP97u00N4rZ7Wdv73Pdu197SScllCoJy2T2BV60ETC/iJ4PaxDl32sUPEm8032N8o5gTKK2JZ9zeum280JRZzjBOlUpztGjs4dJoFqfFihTqAWOd9eWvbWD5nXo0hgIyVfKzcgPGcf8NOuvTX9vALFdbmlcAyj3XShb1gEF76nZH8HByKHs/7axh+TSH0jZ+H5AwHEzITCu3u5I01VQYz1T2cNfIQDcEYU7q5IYhWaj3l3mdzI+vMbw3GA/J/8jyuCXnZEyeac4TavGaS6o/I6SaZSuNWFdGC96cpBeGJKICG0QP3U0i91Pis/dGhKz8pfwT+etu+d1+n8xQovb1L6j2l5+hwdp7qydbpM9GJHKJenORyveo6zSPEOieN4pNyFSJrW+x5UpGTtTKHUMt1Q3OyQK1cLZk61/qX6TtofbJ/NEhShMEQWeVIeii7eoVfJeq+VLO7pyFd2q8T6g9JmC4ZAjcz94HQ0xMBWc+NFN5UkT3wv4Atp/l5H4BXZ9Evw==</Value>
				</Measurement>
			</Results>
		</Test>
		<EndDateTime>Jul 10 00:15 Eastern Daylight Time</EndDateTime>
		<EndTestTime>1594354524</EndTestTime>
		<ElapsedMinutes>0</ElapsedMinutes>
	</Testing>
</Site>
